2016-06-24 09:42:07 [INFO ] FrameworkServlet 'spring': initialization started
localhost-startStop-12016-06-24 09:42:07 [INFO ] Refreshing WebApplicationContext for namespace 'spring-servlet': startup date [Fri Jun 24 09:42:07 CST 2016]; parent: Root WebApplicationContext
localhost-startStop-12016-06-24 09:42:07 [INFO ] Loading XML bean definitions from class path resource [sources/spring-mvc.xml]
localhost-startStop-12016-06-24 09:42:08 [INFO ] JSR-330 'javax.inject.Inject' annotation found and supported for autowiring
localhost-startStop-12016-06-24 09:42:08 [INFO ] Mapped "{[/login],methods=[POST]}" onto public java.lang.String com.wsq.jhone.controller.LoginController.LoginUser(org.springframework.ui.Model,javax.servlet.http.HttpServletRequest,javax.servlet.http.HttpServletResponse)
localhost-startStop-12016-06-24 09:42:08 [INFO ] Mapped "{[/forgetPass],methods=[POST]}" onto public java.lang.String com.wsq.jhone.controller.LoginController.ForBackPass()
localhost-startStop-12016-06-24 09:42:08 [INFO ] Mapped "{[/regest],methods=[POST]}" onto public java.lang.String com.wsq.jhone.controller.LoginController.userRegest()
localhost-startStop-12016-06-24 09:42:08 [INFO ] Mapped "{[/logout]}" onto public java.lang.String com.wsq.jhone.controller.LoginOutController.loginOut(javax.servlet.http.HttpServletRequest)
localhost-startStop-12016-06-24 09:42:08 [INFO ] Looking for @ControllerAdvice: WebApplicationContext for namespace 'spring-servlet': startup date [Fri Jun 24 09:42:07 CST 2016]; parent: Root WebApplicationContext
localhost-startStop-12016-06-24 09:42:08 [INFO ] Looking for @ControllerAdvice: WebApplicationContext for namespace 'spring-servlet': startup date [Fri Jun 24 09:42:07 CST 2016]; parent: Root WebApplicationContext
localhost-startStop-12016-06-24 09:42:08 [INFO ] Mapped URL path [/**] onto handler 'org.springframework.web.servlet.resource.DefaultServletHttpRequestHandler#0'
localhost-startStop-12016-06-24 09:42:09 [INFO ] FrameworkServlet 'spring': initialization completed in 1358 ms
localhost-startStop-12016-06-24 10:40:04 [INFO ] FrameworkServlet 'spring': initialization started
localhost-startStop-12016-06-24 10:40:04 [INFO ] Refreshing WebApplicationContext for namespace 'spring-servlet': startup date [Fri Jun 24 10:40:04 CST 2016]; parent: Root WebApplicationContext
localhost-startStop-12016-06-24 10:40:04 [INFO ] Loading XML bean definitions from class path resource [sources/spring-mvc.xml]
localhost-startStop-12016-06-24 10:40:05 [INFO ] JSR-330 'javax.inject.Inject' annotation found and supported for autowiring
localhost-startStop-12016-06-24 10:40:05 [INFO ] Mapped "{[/login],methods=[POST]}" onto public java.lang.String com.wsq.jhone.controller.LoginController.LoginUser(org.springframework.ui.Model,javax.servlet.http.HttpServletRequest,javax.servlet.http.HttpServletResponse)
localhost-startStop-12016-06-24 10:40:05 [INFO ] Mapped "{[/forgetPass],methods=[POST]}" onto public java.lang.String com.wsq.jhone.controller.LoginController.ForBackPass()
localhost-startStop-12016-06-24 10:40:05 [INFO ] Mapped "{[/regest],methods=[POST]}" onto public java.lang.String com.wsq.jhone.controller.LoginController.userRegest()
localhost-startStop-12016-06-24 10:40:05 [INFO ] Mapped "{[/logout]}" onto public java.lang.String com.wsq.jhone.controller.LoginOutController.loginOut(javax.servlet.http.HttpServletRequest)
localhost-startStop-12016-06-24 10:40:05 [INFO ] Looking for @ControllerAdvice: WebApplicationContext for namespace 'spring-servlet': startup date [Fri Jun 24 10:40:04 CST 2016]; parent: Root WebApplicationContext
localhost-startStop-12016-06-24 10:40:05 [INFO ] Looking for @ControllerAdvice: WebApplicationContext for namespace 'spring-servlet': startup date [Fri Jun 24 10:40:04 CST 2016]; parent: Root WebApplicationContext
localhost-startStop-12016-06-24 10:40:05 [INFO ] Mapped URL path [/**] onto handler 'org.springframework.web.servlet.resource.DefaultServletHttpRequestHandler#0'
localhost-startStop-12016-06-24 10:40:05 [INFO ] FrameworkServlet 'spring': initialization completed in 938 ms
localhost-startStop-12016-06-24 10:42:01 [INFO ] FrameworkServlet 'spring': initialization started
localhost-startStop-12016-06-24 10:42:01 [INFO ] Refreshing WebApplicationContext for namespace 'spring-servlet': startup date [Fri Jun 24 10:42:01 CST 2016]; parent: Root WebApplicationContext
localhost-startStop-12016-06-24 10:42:01 [INFO ] Loading XML bean definitions from class path resource [sources/spring-mvc.xml]
localhost-startStop-12016-06-24 10:42:01 [INFO ] JSR-330 'javax.inject.Inject' annotation found and supported for autowiring
localhost-startStop-12016-06-24 10:42:01 [INFO ] Mapped "{[/login],methods=[POST]}" onto public java.lang.String com.wsq.jhone.controller.LoginController.LoginUser(org.springframework.ui.Model,javax.servlet.http.HttpServletRequest,javax.servlet.http.HttpServletResponse)
localhost-startStop-12016-06-24 10:42:01 [INFO ] Mapped "{[/forgetPass],methods=[POST]}" onto public java.lang.String com.wsq.jhone.controller.LoginController.ForBackPass()
localhost-startStop-12016-06-24 10:42:01 [INFO ] Mapped "{[/regest],methods=[POST]}" onto public java.lang.String com.wsq.jhone.controller.LoginController.userRegest()
localhost-startStop-12016-06-24 10:42:01 [INFO ] Mapped "{[/logout]}" onto public java.lang.String com.wsq.jhone.controller.LoginOutController.loginOut(javax.servlet.http.HttpServletRequest)
localhost-startStop-12016-06-24 10:42:01 [INFO ] Looking for @ControllerAdvice: WebApplicationContext for namespace 'spring-servlet': startup date [Fri Jun 24 10:42:01 CST 2016]; parent: Root WebApplicationContext
localhost-startStop-12016-06-24 10:42:02 [INFO ] Looking for @ControllerAdvice: WebApplicationContext for namespace 'spring-servlet': startup date [Fri Jun 24 10:42:01 CST 2016]; parent: Root WebApplicationContext
localhost-startStop-12016-06-24 10:42:02 [INFO ] Mapped URL path [/**] onto handler 'org.springframework.web.servlet.resource.DefaultServletHttpRequestHandler#0'
localhost-startStop-12016-06-24 10:42:02 [INFO ] FrameworkServlet 'spring': initialization completed in 1087 ms
localhost-startStop-12016-06-24 10:52:48 [INFO ] FrameworkServlet 'spring': initialization started
localhost-startStop-12016-06-24 10:52:48 [INFO ] Refreshing WebApplicationContext for namespace 'spring-servlet': startup date [Fri Jun 24 10:52:48 CST 2016]; parent: Root WebApplicationContext
localhost-startStop-12016-06-24 10:52:48 [INFO ] Loading XML bean definitions from class path resource [sources/spring-mvc.xml]
localhost-startStop-12016-06-24 10:52:48 [INFO ] JSR-330 'javax.inject.Inject' annotation found and supported for autowiring
localhost-startStop-12016-06-24 10:52:49 [INFO ] Mapped "{[/userLogin],methods=[POST]}" onto public java.lang.String com.wsq.jhone.controller.LoginController.LoginUser(org.springframework.ui.Model,javax.servlet.http.HttpServletRequest,javax.servlet.http.HttpServletResponse)
localhost-startStop-12016-06-24 10:52:49 [INFO ] Mapped "{[/forgetPass],methods=[POST]}" onto public java.lang.String com.wsq.jhone.controller.LoginController.ForBackPass()
localhost-startStop-12016-06-24 10:52:49 [INFO ] Mapped "{[/regest],methods=[POST]}" onto public java.lang.String com.wsq.jhone.controller.LoginController.userRegest()
localhost-startStop-12016-06-24 10:52:49 [INFO ] Mapped "{[/logout]}" onto public java.lang.String com.wsq.jhone.controller.LoginOutController.loginOut(javax.servlet.http.HttpServletRequest)
localhost-startStop-12016-06-24 10:52:49 [INFO ] Looking for @ControllerAdvice: WebApplicationContext for namespace 'spring-servlet': startup date [Fri Jun 24 10:52:48 CST 2016]; parent: Root WebApplicationContext
localhost-startStop-12016-06-24 10:52:49 [INFO ] Looking for @ControllerAdvice: WebApplicationContext for namespace 'spring-servlet': startup date [Fri Jun 24 10:52:48 CST 2016]; parent: Root WebApplicationContext
localhost-startStop-12016-06-24 10:52:49 [INFO ] Mapped URL path [/**] onto handler 'org.springframework.web.servlet.resource.DefaultServletHttpRequestHandler#0'
localhost-startStop-12016-06-24 10:52:49 [INFO ] FrameworkServlet 'spring': initialization completed in 1129 ms
localhost-startStop-12016-06-24 11:00:31 [INFO ] FrameworkServlet 'spring': initialization started
localhost-startStop-12016-06-24 11:00:31 [INFO ] Refreshing WebApplicationContext for namespace 'spring-servlet': startup date [Fri Jun 24 11:00:31 CST 2016]; parent: Root WebApplicationContext
localhost-startStop-12016-06-24 11:00:31 [INFO ] Loading XML bean definitions from class path resource [sources/spring-mvc.xml]
localhost-startStop-12016-06-24 11:00:31 [INFO ] JSR-330 'javax.inject.Inject' annotation found and supported for autowiring
localhost-startStop-12016-06-24 11:00:32 [INFO ] Mapped "{[/userLogin],methods=[POST]}" onto public java.lang.String com.wsq.jhone.controller.LoginController.LoginUser(org.springframework.ui.Model,javax.servlet.http.HttpServletRequest,javax.servlet.http.HttpServletResponse)
localhost-startStop-12016-06-24 11:00:32 [INFO ] Mapped "{[/forgetPass],methods=[POST]}" onto public java.lang.String com.wsq.jhone.controller.LoginController.ForBackPass()
localhost-startStop-12016-06-24 11:00:32 [INFO ] Mapped "{[/regest],methods=[POST]}" onto public java.lang.String com.wsq.jhone.controller.LoginController.userRegest()
localhost-startStop-12016-06-24 11:00:32 [INFO ] Mapped "{[/logout]}" onto public java.lang.String com.wsq.jhone.controller.LoginOutController.loginOut(javax.servlet.http.HttpServletRequest)
localhost-startStop-12016-06-24 11:00:32 [INFO ] Looking for @ControllerAdvice: WebApplicationContext for namespace 'spring-servlet': startup date [Fri Jun 24 11:00:31 CST 2016]; parent: Root WebApplicationContext
localhost-startStop-12016-06-24 11:00:32 [INFO ] Looking for @ControllerAdvice: WebApplicationContext for namespace 'spring-servlet': startup date [Fri Jun 24 11:00:31 CST 2016]; parent: Root WebApplicationContext
localhost-startStop-12016-06-24 11:00:32 [INFO ] Mapped URL path [/**] onto handler 'org.springframework.web.servlet.resource.DefaultServletHttpRequestHandler#0'
localhost-startStop-12016-06-24 11:00:32 [INFO ] FrameworkServlet 'spring': initialization completed in 1238 ms
localhost-startStop-12016-06-24 14:23:15 [INFO ] FrameworkServlet 'spring': initialization started
localhost-startStop-12016-06-24 14:23:15 [INFO ] Refreshing WebApplicationContext for namespace 'spring-servlet': startup date [Fri Jun 24 14:23:15 CST 2016]; parent: Root WebApplicationContext
localhost-startStop-12016-06-24 14:23:15 [INFO ] Loading XML bean definitions from class path resource [sources/spring-mvc.xml]
localhost-startStop-12016-06-24 14:23:16 [INFO ] JSR-330 'javax.inject.Inject' annotation found and supported for autowiring
localhost-startStop-12016-06-24 14:23:16 [INFO ] Mapped "{[/userLogin],methods=[POST]}" onto public java.lang.String com.wsq.jhone.controller.LoginController.LoginUser(org.springframework.ui.Model,javax.servlet.http.HttpServletRequest,javax.servlet.http.HttpServletResponse)
localhost-startStop-12016-06-24 14:23:16 [INFO ] Mapped "{[/forgetPass],methods=[POST]}" onto public java.lang.String com.wsq.jhone.controller.LoginController.ForBackPass()
localhost-startStop-12016-06-24 14:23:16 [INFO ] Mapped "{[/regest],methods=[POST]}" onto public java.lang.String com.wsq.jhone.controller.LoginController.userRegest()
localhost-startStop-12016-06-24 14:23:16 [INFO ] Mapped "{[/logout]}" onto public java.lang.String com.wsq.jhone.controller.LoginOutController.loginOut(javax.servlet.http.HttpServletRequest)
localhost-startStop-12016-06-24 14:23:17 [INFO ] Looking for @ControllerAdvice: WebApplicationContext for namespace 'spring-servlet': startup date [Fri Jun 24 14:23:15 CST 2016]; parent: Root WebApplicationContext
localhost-startStop-12016-06-24 14:23:17 [INFO ] Looking for @ControllerAdvice: WebApplicationContext for namespace 'spring-servlet': startup date [Fri Jun 24 14:23:15 CST 2016]; parent: Root WebApplicationContext
localhost-startStop-12016-06-24 14:23:17 [INFO ] Mapped URL path [/**] onto handler 'org.springframework.web.servlet.resource.DefaultServletHttpRequestHandler#0'
localhost-startStop-12016-06-24 14:23:17 [INFO ] FrameworkServlet 'spring': initialization completed in 1831 ms
localhost-startStop-12016-06-24 14:49:06 [INFO ] FrameworkServlet 'spring': initialization started
localhost-startStop-12016-06-24 14:49:06 [INFO ] Refreshing WebApplicationContext for namespace 'spring-servlet': startup date [Fri Jun 24 14:49:06 CST 2016]; parent: Root WebApplicationContext
localhost-startStop-12016-06-24 14:49:06 [INFO ] Loading XML bean definitions from class path resource [sources/spring-mvc.xml]
localhost-startStop-12016-06-24 14:49:06 [INFO ] JSR-330 'javax.inject.Inject' annotation found and supported for autowiring
localhost-startStop-12016-06-24 14:49:06 [INFO ] Mapped "{[/userLogin],methods=[POST]}" onto public java.lang.String com.wsq.jhone.controller.LoginController.LoginUser(org.springframework.ui.Model,javax.servlet.http.HttpServletRequest,javax.servlet.http.HttpServletResponse)
localhost-startStop-12016-06-24 14:49:06 [INFO ] Mapped "{[/forgetPass],methods=[POST]}" onto public java.lang.String com.wsq.jhone.controller.LoginController.ForBackPass()
localhost-startStop-12016-06-24 14:49:06 [INFO ] Mapped "{[/regest],methods=[POST]}" onto public java.lang.String com.wsq.jhone.controller.LoginController.userRegest()
localhost-startStop-12016-06-24 14:49:06 [INFO ] Mapped "{[/logout]}" onto public java.lang.String com.wsq.jhone.controller.LoginOutController.loginOut(javax.servlet.http.HttpServletRequest)
localhost-startStop-12016-06-24 14:49:07 [INFO ] Looking for @ControllerAdvice: WebApplicationContext for namespace 'spring-servlet': startup date [Fri Jun 24 14:49:06 CST 2016]; parent: Root WebApplicationContext
localhost-startStop-12016-06-24 14:49:07 [INFO ] Looking for @ControllerAdvice: WebApplicationContext for namespace 'spring-servlet': startup date [Fri Jun 24 14:49:06 CST 2016]; parent: Root WebApplicationContext
localhost-startStop-12016-06-24 14:49:07 [INFO ] Mapped URL path [/**] onto handler 'org.springframework.web.servlet.resource.DefaultServletHttpRequestHandler#0'
localhost-startStop-12016-06-24 14:49:07 [INFO ] FrameworkServlet 'spring': initialization completed in 1242 ms
localhost-startStop-12016-06-24 14:51:43 [INFO ] FrameworkServlet 'spring': initialization started
localhost-startStop-12016-06-24 14:51:43 [INFO ] Refreshing WebApplicationContext for namespace 'spring-servlet': startup date [Fri Jun 24 14:51:43 CST 2016]; parent: Root WebApplicationContext
localhost-startStop-12016-06-24 14:51:43 [INFO ] Loading XML bean definitions from class path resource [sources/spring-mvc.xml]
localhost-startStop-12016-06-24 14:51:44 [INFO ] JSR-330 'javax.inject.Inject' annotation found and supported for autowiring
localhost-startStop-12016-06-24 14:51:44 [INFO ] Mapped "{[/userLogin],methods=[POST]}" onto public java.lang.String com.wsq.jhone.controller.LoginController.LoginUser(org.springframework.ui.Model,javax.servlet.http.HttpServletRequest,javax.servlet.http.HttpServletResponse)
localhost-startStop-12016-06-24 14:51:44 [INFO ] Mapped "{[/forgetPass],methods=[POST]}" onto public java.lang.String com.wsq.jhone.controller.LoginController.ForBackPass()
localhost-startStop-12016-06-24 14:51:44 [INFO ] Mapped "{[/regest],methods=[POST]}" onto public java.lang.String com.wsq.jhone.controller.LoginController.userRegest()
localhost-startStop-12016-06-24 14:51:45 [INFO ] Mapped "{[/logout]}" onto public java.lang.String com.wsq.jhone.controller.LoginOutController.loginOut(javax.servlet.http.HttpServletRequest)
localhost-startStop-12016-06-24 14:51:45 [INFO ] Looking for @ControllerAdvice: WebApplicationContext for namespace 'spring-servlet': startup date [Fri Jun 24 14:51:43 CST 2016]; parent: Root WebApplicationContext
localhost-startStop-12016-06-24 14:51:45 [INFO ] Looking for @ControllerAdvice: WebApplicationContext for namespace 'spring-servlet': startup date [Fri Jun 24 14:51:43 CST 2016]; parent: Root WebApplicationContext
localhost-startStop-12016-06-24 14:51:46 [INFO ] Mapped URL path [/**] onto handler 'org.springframework.web.servlet.resource.DefaultServletHttpRequestHandler#0'
localhost-startStop-12016-06-24 14:51:46 [INFO ] FrameworkServlet 'spring': initialization completed in 2962 ms
localhost-startStop-12016-06-24 14:53:18 [INFO ] FrameworkServlet 'spring': initialization started
localhost-startStop-12016-06-24 14:53:18 [INFO ] Refreshing WebApplicationContext for namespace 'spring-servlet': startup date [Fri Jun 24 14:53:18 CST 2016]; parent: Root WebApplicationContext
localhost-startStop-12016-06-24 14:53:18 [INFO ] Loading XML bean definitions from class path resource [sources/spring-mvc.xml]
localhost-startStop-12016-06-24 14:58:57 [INFO ] FrameworkServlet 'spring': initialization started
localhost-startStop-12016-06-24 14:58:57 [INFO ] Refreshing WebApplicationContext for namespace 'spring-servlet': startup date [Fri Jun 24 14:58:57 CST 2016]; parent: Root WebApplicationContext
localhost-startStop-12016-06-24 14:58:57 [INFO ] Loading XML bean definitions from class path resource [sources/spring-mvc.xml]
localhost-startStop-12016-06-24 14:58:57 [INFO ] JSR-330 'javax.inject.Inject' annotation found and supported for autowiring
localhost-startStop-1